
<!DOCTYPE html>
<html>


<head>
	<meta charset='utf-8' /> 
	<meta name='description' content='' />
	<meta name='robots' content='noodp, noydir' />
	<meta name='viewport' content='width=device-width, initial-scale=1' />
	<meta id="timeStampFormat" name="timeStampFormat" content='MMM d, yyyy hh:mm:ss a'/>
	
	<link href='https://fonts.googleapis.com/css?family=Source+Sans+Pro:400,600' rel='stylesheet' type='text/css'>
	<link href="https://fonts.googleapis.com/icon?family=Material+Icons" rel="stylesheet">

		<link href='https://cdn.rawgit.com/anshooarora/extentreports-java/b4a58fcfd1e137bd9287244035a7c80d3d73b3af/dist/css/extent.css' type='text/css' rel='stylesheet' />
	
	<title>ExtentReports</title>

	<style type='text/css'>
	</style>
</head>

	<body class='extent standard default hide-overflow bdd-report'>
		<div id='theme-selector' alt='Click to toggle theme. To enable by default, use theme configuration.' title='Click to toggle theme. To enable by default, use theme configuration.'>
			<span><i class='material-icons'>desktop_windows</i></span>
		</div>

<nav>
	<div class="nav-wrapper">
		<a href="#!" class="brand-logo blue darken-3">Extent</a>

		<!-- slideout menu -->
		<ul id='slide-out' class='side-nav fixed hide-on-med-and-down'>
			<li class='waves-effect active'><a href='#!' view='test-view' onclick="configureView(0);chartsView('test');"><i class='material-icons'>dashboard</i></a></li>
						<li class='waves-effect'><a href='#!' view='category-view' onclick="configureView(1)"><i class='material-icons'>label_outline</i></a></li>
			<li class='waves-effect'><a href='#!' view='exception-view' onclick="configureView(2)"><i class='material-icons'>bug_report</i></a></li>
			<li class='waves-effect'><a href='#!' onclick="configureView(-1);chartsView('dashboard');" view='dashboard-view'><i class='material-icons'>track_changes</i></i></a></li>
		</ul>

		<!-- report name -->
		<span class='report-name'>ExtentReports</span>
		
		<!-- report headline -->
		<span class='report-headline'></span>

		<!-- nav-right -->
		<ul id='nav-mobile' class='right hide-on-med-and-down nav-right'>
			<li>
                <a href='#!'>
                    <span class='label suite-start-time blue darken-3'>May 23, 2023 10:19:53 PM</span>
				</a>
			</li>
			<li>
                <a href='#!'>
                    <span class='label blue darken-3'>3.1.2</span>
				</a>
			</li>
		</ul>
	</div>
</nav>

		<!-- container -->
		<div class='container'>

<div id='test-view' class='view'>
				
	<section id='controls'>
		<div class='controls grey lighten-4'>
			<!-- test toggle -->
			<div class='chip transparent'>
				<a class='dropdown-button tests-toggle' data-activates='tests-toggle' data-constrainwidth='true' data-beloworigin='true' data-hover='true' href='#'>
					<i class='material-icons'>warning</i> Status
				</a>
				<ul id='tests-toggle' class='dropdown-content'>
											<li status='pass'><a href='#!'>Pass <i class='material-icons green-text'>check_circle</i></a></li>
						<li status='fail'><a href='#!'>Fail <i class='material-icons red-text'>cancel</i></a></li>
						<li status='skip'><a href='#!'>Skip <i class='material-icons cyan-text'>redo</i></a></li>
					<li class='divider'></li>
					<li status='clear' clear='true'><a href='#!'>Clear Filters <i class='material-icons'>clear</i></a></li>
				</ul>
			</div>
			<!-- test toggle -->

			<!-- category toggle -->
			<div class='chip transparent'>
				<a class='dropdown-button category-toggle' data-activates='category-toggle' data-constrainwidth='false' data-beloworigin='true' data-hover='true' href='#'>
					<i class='material-icons'>local_offer</i> Category
				</a>
				<ul id='category-toggle' class='dropdown-content'>
					<li><a href='#'>@sanity</a></li>
					<li><a href='#'>@regression</a></li>
					<li><a href='#'>@smoke</a></li>
					<li class='divider'></li>
					<li class='clear'><a href='#!' clear='true'>Clear Filters</a></li>
				</ul>
			</div>
			<!-- category toggle -->

			<!-- clear filters -->
			<div class='chip transparent hide'>
				<a class='' id='clear-filters' alt='Clear Filters' title='Clear Filters'>
					<i class='material-icons'>close</i> Clear
				</a>
			</div>
			<!-- clear filters -->

			<!-- enable dashboard -->
			<div id='toggle-test-view-charts' class='chip transparent'>
				<a class='pink-text' id='enable-dashboard' alt='Enable Dashboard' title='Enable Dashboard'>
					<i class='material-icons'>track_changes</i> Dashboard
				</a>
			</div>
			<!-- enable dashboard -->

			<!-- search -->
			<div class='chip transparent' alt='Search Tests' title='Search Tests'>
				<a href="#" class='search-div'>
					<i class='material-icons'>search</i> Search
				</a>

				<div class='input-field left hide'>
					<input id='search-tests' type='text' class='validate browser-default' placeholder='Search Tests...'>
				</div>
				
			</div>
			<!-- search -->
		</div>
	</section>


<div id='test-view-charts' class='subview-full'>
	<div id='charts-row' class='row nm-v nm-h'>
		<div class='col s12 m4 l4 np-h'>
			<div class='card-panel nm-v'>
				<div class='left panel-name'>Features</div>
				<div class='chart-box'>
					<canvas id='parent-analysis' width='100' height='80'></canvas>
				</div>
				<div class='block text-small'>
					<span class='tooltipped' data-position='top' data-tooltip='50%'><span class='strong'>1</span> feature(s) passed</span>
				</div>
				<div class='block text-small'>
					<span class='strong tooltipped' data-position='top' data-tooltip='50%'>1</span> feature(s) failed, <span class='strong tooltipped' data-position='top' data-tooltip='0%'>0</span> others
				</div>
			</div>
		</div>
		
		<div class='col s12 m4 l4 np-h'>
			<div class='card-panel nm-v'>
				<div class='left panel-name'>Scenarios</div>
				<div class='chart-box'>
					<canvas id='child-analysis' width='100' height='80'></canvas>
				</div>
				<div class='block text-small'>
					<span class='tooltipped' data-position='top' data-tooltip='57.143%'><span class='strong'>4</span> scenario(s) passed</span>
				</div>
				<div class='block text-small'>
					<span class='strong tooltipped' data-position='top' data-tooltip='42.857%'>3</span> scenario(s) failed, <span class='strong tooltipped' data-position='top' data-tooltip='0%'>0</span> others
				</div>
			</div>
		</div>
		
		<div class='col s12 m4 l4 np-h'>
			<div class='card-panel nm-v'>
				<div class='left panel-name'>Steps</div>
				<div class='chart-box'>
					<canvas id='grandchild-analysis' width='100' height='80'></canvas>
				</div>
				<div class='block text-small'>
					<span class='tooltipped' data-position='top' data-tooltip='76.364%'><span class='strong'>42</span> step(s) passed</span>
				</div>
				<div class='block text-small'>
					<span class='strong tooltipped' data-position='top' data-tooltip='5.455%'>3</span> step(s) failed, <span class='strong tooltipped' data-position='top' data-tooltip='18.182%'>10</span> others
				</div>
			</div>
		</div>
	</div>
</div>

	<div class='subview-left left'>
		
		<div class='view-summary'>
			<h5>Features</h5>
			<ul id='test-collection' class='test-collection'>
				
				
				<li class='test displayed active has-leaf pass' status='pass' bdd='true' test-id='1'>
					<div class='test-heading'>
						<span class='test-name'>Login Page Test</span>
						<span class='test-time'>May 23, 2023 10:19:53 PM</span>
						<span class='test-status right pass'>pass</span>
					</div>
					<div class='test-content hide'>
<div class='scenario node' test-id='2' status='pass'>
	<div class='category-list'>
		<span class='category label white-text'>@sanity</span>
		<span class='category label white-text'>@regression</span>
	</div>
	<span class='duration right label'>0h 0m 5s+640ms</span>
	<div class='desc'>
		<b>Scenario</b>
		<span class="desc-text">User should should login successfully</span>
	</div>
	<ul class='steps'>
		<li test-id='3' class='node given pass' status='pass'>
			
			<b>Given</b>
			
			<span class="bdd-step-name">Given I Enter username</span>
				<div class='pre'>passed</div>
			
		</li>
		<li test-id='4' class='node when pass' status='pass'>
			
			<b>When</b>
			
			<span class="bdd-step-name">When I Enter password</span>
				<div class='pre'>passed</div>
			
		</li>
		<li test-id='5' class='node and pass' status='pass'>
			
			<b>And</b>
			
			<span class="bdd-step-name">And I Click on Login Button</span>
				<div class='pre'>passed</div>
			
		</li>
		<li test-id='6' class='node then pass' status='pass'>
			
			<b>Then</b>
			
			<span class="bdd-step-name">Then I Should Verify "Dashboard" Message</span>
				<div class='pre'>passed</div>
			
		</li>
	</ul>
</div>
<div class='scenario node' test-id='7' status='pass'>
	<div class='category-list'>
		<span class='category label white-text'>@smoke</span>
		<span class='category label white-text'>@regression</span>
	</div>
	<span class='duration right label'>0h 0m 2s+104ms</span>
	<div class='desc'>
		<b>Scenario</b>
		<span class="desc-text">User should see Orange HRM Logo</span>
	</div>
	<ul class='steps'>
		<li test-id='8' class='node when pass' status='pass'>
			
			<b>When</b>
			
			<span class="bdd-step-name">When I am on Homepage</span>
				<div class='pre'>passed</div>
			
		</li>
		<li test-id='9' class='node then pass' status='pass'>
			
			<b>Then</b>
			
			<span class="bdd-step-name">Then I Should Verify Logo is Displayed</span>
				<div class='pre'>passed</div>
			
		</li>
	</ul>
</div>
<div class='scenario node' test-id='10' status='pass'>
	<div class='category-list'>
		<span class='category label white-text'>@regression</span>
	</div>
	<span class='duration right label'>0h 0m 8s+249ms</span>
	<div class='desc'>
		<b>Scenario</b>
		<span class="desc-text">User should should log out successfully</span>
	</div>
	<ul class='steps'>
		<li test-id='11' class='node given pass' status='pass'>
			
			<b>Given</b>
			
			<span class="bdd-step-name">Given I Login To The application</span>
				<div class='pre'>passed</div>
			
		</li>
		<li test-id='12' class='node when pass' status='pass'>
			
			<b>When</b>
			
			<span class="bdd-step-name">When I Click on User Profile logo</span>
				<div class='pre'>passed</div>
			
		</li>
		<li test-id='13' class='node and pass' status='pass'>
			
			<b>And</b>
			
			<span class="bdd-step-name">And I Mouse hover on Logout and click</span>
				<div class='pre'>passed</div>
			
		</li>
		<li test-id='14' class='node then pass' status='pass'>
			
			<b>Then</b>
			
			<span class="bdd-step-name">Then I Should Verify the text Login Panel is displayed</span>
				<div class='pre'>passed</div>
			
		</li>
	</ul>
</div>
					</div>
				</li>
				
				
				<li class='test displayed active has-leaf fail' status='fail' bdd='true' test-id='15'>
					<div class='test-heading'>
						<span class='test-name'>User Test</span>
						<span class='test-time'>May 23, 2023 10:20:12 PM</span>
						<span class='test-status right fail'>fail</span>
					</div>
					<div class='test-content hide'>
<div class='scenario node' test-id='16' status='fail'>
	<div class='category-list'>
		<span class='category label white-text'>@sanity</span>
		<span class='category label white-text'>@regression</span>
	</div>
	<span class='duration right label'>0h 0m 52s+569ms</span>
	<div class='desc'>
		<b>Scenario</b>
		<span class="desc-text">Admin should add user successfully</span>
	</div>
	<ul class='steps'>
		<li test-id='17' class='node given pass' status='pass'>
			
			<b>Given</b>
			
			<span class="bdd-step-name">Given I am on Homepage</span>
				<div class='pre'>passed</div>
			
		</li>
		<li test-id='18' class='node when pass' status='pass'>
			
			<b>When</b>
			
			<span class="bdd-step-name">When I Login to Application</span>
				<div class='pre'>passed</div>
			
		</li>
		<li test-id='19' class='node and pass' status='pass'>
			
			<b>And</b>
			
			<span class="bdd-step-name">And I click on that Admin Tab</span>
				<div class='pre'>passed</div>
			
		</li>
		<li test-id='20' class='node then pass' status='pass'>
			
			<b>Then</b>
			
			<span class="bdd-step-name">Then I Should Verify System Users Text</span>
				<div class='pre'>passed</div>
			
		</li>
		<li test-id='21' class='node and pass' status='pass'>
			
			<b>And</b>
			
			<span class="bdd-step-name">And click On Add button</span>
				<div class='pre'>passed</div>
			
		</li>
		<li test-id='22' class='node then pass' status='pass'>
			
			<b>Then</b>
			
			<span class="bdd-step-name">Then I Should Verify Add User Text</span>
				<div class='pre'>passed</div>
			
		</li>
		<li test-id='23' class='node and pass' status='pass'>
			
			<b>And</b>
			
			<span class="bdd-step-name">And I Select User Role Admin</span>
				<div class='pre'>passed</div>
			
		</li>
		<li test-id='24' class='node and fail' status='fail'>
			
			<b>And</b>
			
			<span class="bdd-step-name">And I enter Employee Name Ananya Dash</span>
				<div class='pre'><pre>org.openqa.selenium.NoSuchElementException: no such element: Unable to locate element: {"method":"xpath","selector":"//*[@class='oxd-autocomplete-wrapper']//*[contains(text(),'Jaya  Raja')]"}
  (Session info: chrome=113.0.5672.127)
For documentation on this error, please visit: https://selenium.dev/exceptions/#no_such_element
Build info: version: '4.9.0', revision: 'd7057100a6'
System info: os.name: 'Windows 10', os.arch: 'amd64', os.version: '10.0', java.version: '1.8.0_121'
Driver info: org.openqa.selenium.chrome.ChromeDriver
Command: [fca3269894fd1aae4bb1262032eb0f32, findElement {using=xpath, value=//*[@class='oxd-autocomplete-wrapper']//*[contains(text(),'Jaya  Raja')]}]
Capabilities {acceptInsecureCerts: false, browserName: chrome, browserVersion: 113.0.5672.127, chrome: {chromedriverVersion: 113.0.5672.63 (0e1a4471d5ae..., userDataDir: C:\Users\Monika\AppData\Loc...}, goog:chromeOptions: {debuggerAddress: localhost:54268}, networkConnectionEnabled: false, pageLoadStrategy: normal, platformName: WINDOWS, proxy: Proxy(), se:cdp: ws://localhost:54268/devtoo..., se:cdpVersion: 113.0.5672.127, setWindowRect: true, strictFileInteractability: false, timeouts: {implicit: 0, pageLoad: 300000, script: 30000}, unhandledPromptBehavior: dismiss and notify, webauthn:extension:credBlob: true, webauthn:extension:largeBlob: true, webauthn:extension:minPinLength: true, webauthn:extension:prf: true, webauthn:virtualAuthenticators: true}
Session ID: fca3269894fd1aae4bb1262032eb0f32
	at sun.reflect.NativeConstructorAccessorImpl.newInstance0(Native Method)
	at sun.reflect.NativeConstructorAccessorImpl.newInstance(NativeConstructorAccessorImpl.java:62)
	at sun.reflect.DelegatingConstructorAccessorImpl.newInstance(DelegatingConstructorAccessorImpl.java:45)
	at java.lang.reflect.Constructor.newInstance(Constructor.java:423)
	at org.openqa.selenium.remote.codec.w3c.W3CHttpResponseCodec.createException(W3CHttpResponseCodec.java:200)
	at org.openqa.selenium.remote.codec.w3c.W3CHttpResponseCodec.decode(W3CHttpResponseCodec.java:133)
	at org.openqa.selenium.remote.codec.w3c.W3CHttpResponseCodec.decode(W3CHttpResponseCodec.java:53)
	at org.openqa.selenium.remote.HttpCommandExecutor.execute(HttpCommandExecutor.java:193)
	at org.openqa.selenium.remote.service.DriverCommandExecutor.invokeExecute(DriverCommandExecutor.java:183)
	at org.openqa.selenium.remote.service.DriverCommandExecutor.execute(DriverCommandExecutor.java:158)
	at org.openqa.selenium.remote.RemoteWebDriver.execute(RemoteWebDriver.java:543)
	at org.openqa.selenium.remote.ElementLocation$ElementFinder$2.findElement(ElementLocation.java:162)
	at org.openqa.selenium.remote.ElementLocation.findElement(ElementLocation.java:60)
	at org.openqa.selenium.remote.RemoteWebDriver.findElement(RemoteWebDriver.java:352)
	at org.openqa.selenium.remote.RemoteWebDriver.findElement(RemoteWebDriver.java:344)
	at org.openqa.selenium.support.pagefactory.DefaultElementLocator.findElement(DefaultElementLocator.java:70)
	at org.openqa.selenium.support.pagefactory.internal.LocatingElementHandler.invoke(LocatingElementHandler.java:39)
	at com.sun.proxy.$Proxy23.click(Unknown Source)
	at com.orangehrmlive.demo.utility.Utility.clickOnElement(Utility.java:51)
	at com.orangehrmlive.demo.pages.AddUserPage.enterEmployeeName(AddUserPage.java:92)
	at com.orangehrmlive.demo.steps.UserTestSteps.iEnterEmployeeNameAnanyaDash(UserTestSteps.java:54)
	at ✽.And I enter Employee Name Ananya Dash(UserTest.feature:12)
</pre></div>
			
		</li>
		<li test-id='25' class='node and skip' status='skip'>
			
			<b>And</b>
			
			<span class="bdd-step-name">And I enter Username</span>
				<div class='pre'>skipped</div>
			
		</li>
		<li test-id='26' class='node and skip' status='skip'>
			
			<b>And</b>
			
			<span class="bdd-step-name">And I Select status Disable</span>
				<div class='pre'>skipped</div>
			
		</li>
		<li test-id='27' class='node and skip' status='skip'>
			
			<b>And</b>
			
			<span class="bdd-step-name">And I enter password</span>
				<div class='pre'>skipped</div>
			
		</li>
		<li test-id='28' class='node and skip' status='skip'>
			
			<b>And</b>
			
			<span class="bdd-step-name">And I enter Confirm Password</span>
				<div class='pre'>skipped</div>
			
		</li>
		<li test-id='29' class='node and skip' status='skip'>
			
			<b>And</b>
			
			<span class="bdd-step-name">And I click On Save Button</span>
				<div class='pre'>skipped</div>
			
		</li>
		<li test-id='30' class='node then skip' status='skip'>
			
			<b>Then</b>
			
			<span class="bdd-step-name">Then I Should verify message Successfully Saved</span>
			<ul class='screenshots right'>
				<li><a data-featherlight="image" href="C:\monika\homework\orange-hrm-cucumber/src/main/java/com/orangehrmlive/demo/screenshots/Admin_should_add_user_successfully20230523102104.png"><i class='material-icons'>panorama</i></a></li>
			</ul>
				<div class='pre'>skipped</div>
			
		</li>
	</ul>
</div>
<div class='scenario node' test-id='31' status='fail'>
	<div class='category-list'>
		<span class='category label white-text'>@smoke</span>
		<span class='category label white-text'>@regression</span>
	</div>
	<span class='duration right label'>0h 1m 5s+762ms</span>
	<div class='desc'>
		<b>Scenario</b>
		<span class="desc-text">Search the user that created and Verify that user</span>
	</div>
	<ul class='steps'>
		<li test-id='32' class='node given pass' status='pass'>
			
			<b>Given</b>
			
			<span class="bdd-step-name">Given I am on Homepage</span>
				<div class='pre'>passed</div>
			
		</li>
		<li test-id='33' class='node when pass' status='pass'>
			
			<b>When</b>
			
			<span class="bdd-step-name">When I Login to Application</span>
				<div class='pre'>passed</div>
			
		</li>
		<li test-id='34' class='node and pass' status='pass'>
			
			<b>And</b>
			
			<span class="bdd-step-name">And I click on Admin Tab</span>
				<div class='pre'>passed</div>
			
		</li>
		<li test-id='35' class='node then pass' status='pass'>
			
			<b>Then</b>
			
			<span class="bdd-step-name">Then I Should Verify System Users Text</span>
				<div class='pre'>passed</div>
			
		</li>
		<li test-id='36' class='node and pass' status='pass'>
			
			<b>And</b>
			
			<span class="bdd-step-name">And I enter Username</span>
				<div class='pre'>passed</div>
			
		</li>
		<li test-id='37' class='node and pass' status='pass'>
			
			<b>And</b>
			
			<span class="bdd-step-name">And I Select User Role</span>
				<div class='pre'>passed</div>
			
		</li>
		<li test-id='38' class='node and pass' status='pass'>
			
			<b>And</b>
			
			<span class="bdd-step-name">And I Select the Status Enable</span>
				<div class='pre'>passed</div>
			
		</li>
		<li test-id='39' class='node and pass' status='pass'>
			
			<b>And</b>
			
			<span class="bdd-step-name">And I Click on Search Button</span>
				<div class='pre'>passed</div>
			
		</li>
		<li test-id='40' class='node then fail' status='fail'>
			
			<b>Then</b>
			
			<span class="bdd-step-name">Then I Should Verify the User should be in Result list</span>
			<ul class='screenshots right'>
				<li><a data-featherlight="image" href="C:\monika\homework\orange-hrm-cucumber/src/main/java/com/orangehrmlive/demo/screenshots/Search_the_user_that_created_and_Verify_that_user20230523102211.png"><i class='material-icons'>panorama</i></a></li>
			</ul>
				<div class='pre'><pre>org.openqa.selenium.NoSuchElementException: no such element: Unable to locate element: {"method":"xpath","selector":"//div[contains(text(),'Yuvraji')]"}
  (Session info: chrome=113.0.5672.127)
For documentation on this error, please visit: https://selenium.dev/exceptions/#no_such_element
Build info: version: '4.9.0', revision: 'd7057100a6'
System info: os.name: 'Windows 10', os.arch: 'amd64', os.version: '10.0', java.version: '1.8.0_121'
Driver info: org.openqa.selenium.chrome.ChromeDriver
Command: [9511f299701e1333cc6f03bf77b40136, findElement {using=xpath, value=//div[contains(text(),'Yuvraji')]}]
Capabilities {acceptInsecureCerts: false, browserName: chrome, browserVersion: 113.0.5672.127, chrome: {chromedriverVersion: 113.0.5672.63 (0e1a4471d5ae..., userDataDir: C:\Users\Monika\AppData\Loc...}, goog:chromeOptions: {debuggerAddress: localhost:54298}, networkConnectionEnabled: false, pageLoadStrategy: normal, platformName: WINDOWS, proxy: Proxy(), se:cdp: ws://localhost:54298/devtoo..., se:cdpVersion: 113.0.5672.127, setWindowRect: true, strictFileInteractability: false, timeouts: {implicit: 0, pageLoad: 300000, script: 30000}, unhandledPromptBehavior: dismiss and notify, webauthn:extension:credBlob: true, webauthn:extension:largeBlob: true, webauthn:extension:minPinLength: true, webauthn:extension:prf: true, webauthn:virtualAuthenticators: true}
Session ID: 9511f299701e1333cc6f03bf77b40136
	at sun.reflect.NativeConstructorAccessorImpl.newInstance0(Native Method)
	at sun.reflect.NativeConstructorAccessorImpl.newInstance(NativeConstructorAccessorImpl.java:62)
	at sun.reflect.DelegatingConstructorAccessorImpl.newInstance(DelegatingConstructorAccessorImpl.java:45)
	at java.lang.reflect.Constructor.newInstance(Constructor.java:423)
	at org.openqa.selenium.remote.codec.w3c.W3CHttpResponseCodec.createException(W3CHttpResponseCodec.java:200)
	at org.openqa.selenium.remote.codec.w3c.W3CHttpResponseCodec.decode(W3CHttpResponseCodec.java:133)
	at org.openqa.selenium.remote.codec.w3c.W3CHttpResponseCodec.decode(W3CHttpResponseCodec.java:53)
	at org.openqa.selenium.remote.HttpCommandExecutor.execute(HttpCommandExecutor.java:193)
	at org.openqa.selenium.remote.service.DriverCommandExecutor.invokeExecute(DriverCommandExecutor.java:183)
	at org.openqa.selenium.remote.service.DriverCommandExecutor.execute(DriverCommandExecutor.java:158)
	at org.openqa.selenium.remote.RemoteWebDriver.execute(RemoteWebDriver.java:543)
	at org.openqa.selenium.remote.ElementLocation$ElementFinder$2.findElement(ElementLocation.java:162)
	at org.openqa.selenium.remote.ElementLocation.findElement(ElementLocation.java:60)
	at org.openqa.selenium.remote.RemoteWebDriver.findElement(RemoteWebDriver.java:352)
	at org.openqa.selenium.remote.RemoteWebDriver.findElement(RemoteWebDriver.java:344)
	at org.openqa.selenium.support.pagefactory.DefaultElementLocator.findElement(DefaultElementLocator.java:70)
	at org.openqa.selenium.support.pagefactory.internal.LocatingElementHandler.invoke(LocatingElementHandler.java:39)
	at com.sun.proxy.$Proxy23.getText(Unknown Source)
	at com.orangehrmlive.demo.utility.Utility.getTextFromElement(Utility.java:62)
	at com.orangehrmlive.demo.pages.ViewSystemUsersPage.verifyUserShouldBeInRecordList(ViewSystemUsersPage.java:53)
	at com.orangehrmlive.demo.steps.UserTestSteps.iShouldVerifyTheUserShouldBeInResultList(UserTestSteps.java:104)
	at ✽.Then I Should Verify the User should be in Result list(UserTest.feature:30)
</pre></div>
			
		</li>
	</ul>
</div>
<div class='scenario node' test-id='41' status='fail'>
	<div class='category-list'>
		<span class='category label white-text'>@regression</span>
	</div>
	<span class='duration right label'>0h 1m 6s+678ms</span>
	<div class='desc'>
		<b>Scenario</b>
		<span class="desc-text">Admin should delete user successfully</span>
	</div>
	<ul class='steps'>
		<li test-id='42' class='node given pass' status='pass'>
			
			<b>Given</b>
			
			<span class="bdd-step-name">Given I am on Homepage</span>
				<div class='pre'>passed</div>
			
		</li>
		<li test-id='43' class='node when pass' status='pass'>
			
			<b>When</b>
			
			<span class="bdd-step-name">When I Login to Application</span>
				<div class='pre'>passed</div>
			
		</li>
		<li test-id='44' class='node and pass' status='pass'>
			
			<b>And</b>
			
			<span class="bdd-step-name">And I click on Admin Tab</span>
				<div class='pre'>passed</div>
			
		</li>
		<li test-id='45' class='node then pass' status='pass'>
			
			<b>Then</b>
			
			<span class="bdd-step-name">Then I Should Verify System Users Text</span>
				<div class='pre'>passed</div>
			
		</li>
		<li test-id='46' class='node and pass' status='pass'>
			
			<b>And</b>
			
			<span class="bdd-step-name">And I enter Username</span>
				<div class='pre'>passed</div>
			
		</li>
		<li test-id='47' class='node and pass' status='pass'>
			
			<b>And</b>
			
			<span class="bdd-step-name">And I Select User Role</span>
				<div class='pre'>passed</div>
			
		</li>
		<li test-id='48' class='node and pass' status='pass'>
			
			<b>And</b>
			
			<span class="bdd-step-name">And I Select Status Enable</span>
				<div class='pre'>passed</div>
			
		</li>
		<li test-id='49' class='node and pass' status='pass'>
			
			<b>And</b>
			
			<span class="bdd-step-name">And I Click on Search Button</span>
				<div class='pre'>passed</div>
			
		</li>
		<li test-id='50' class='node then fail' status='fail'>
			
			<b>Then</b>
			
			<span class="bdd-step-name">Then I Should Verify that User should be in Result list</span>
				<div class='pre'><pre>org.openqa.selenium.NoSuchElementException: no such element: Unable to locate element: {"method":"xpath","selector":"//div[contains(text(),'Yuvraji')]"}
  (Session info: chrome=113.0.5672.127)
For documentation on this error, please visit: https://selenium.dev/exceptions/#no_such_element
Build info: version: '4.9.0', revision: 'd7057100a6'
System info: os.name: 'Windows 10', os.arch: 'amd64', os.version: '10.0', java.version: '1.8.0_121'
Driver info: org.openqa.selenium.chrome.ChromeDriver
Command: [8a2f3650d0a76b8df552d92e0f81aa0d, findElement {using=xpath, value=//div[contains(text(),'Yuvraji')]}]
Capabilities {acceptInsecureCerts: false, browserName: chrome, browserVersion: 113.0.5672.127, chrome: {chromedriverVersion: 113.0.5672.63 (0e1a4471d5ae..., userDataDir: C:\Users\Monika\AppData\Loc...}, goog:chromeOptions: {debuggerAddress: localhost:54347}, networkConnectionEnabled: false, pageLoadStrategy: normal, platformName: WINDOWS, proxy: Proxy(), se:cdp: ws://localhost:54347/devtoo..., se:cdpVersion: 113.0.5672.127, setWindowRect: true, strictFileInteractability: false, timeouts: {implicit: 0, pageLoad: 300000, script: 30000}, unhandledPromptBehavior: dismiss and notify, webauthn:extension:credBlob: true, webauthn:extension:largeBlob: true, webauthn:extension:minPinLength: true, webauthn:extension:prf: true, webauthn:virtualAuthenticators: true}
Session ID: 8a2f3650d0a76b8df552d92e0f81aa0d
	at sun.reflect.NativeConstructorAccessorImpl.newInstance0(Native Method)
	at sun.reflect.NativeConstructorAccessorImpl.newInstance(NativeConstructorAccessorImpl.java:62)
	at sun.reflect.DelegatingConstructorAccessorImpl.newInstance(DelegatingConstructorAccessorImpl.java:45)
	at java.lang.reflect.Constructor.newInstance(Constructor.java:423)
	at org.openqa.selenium.remote.codec.w3c.W3CHttpResponseCodec.createException(W3CHttpResponseCodec.java:200)
	at org.openqa.selenium.remote.codec.w3c.W3CHttpResponseCodec.decode(W3CHttpResponseCodec.java:133)
	at org.openqa.selenium.remote.codec.w3c.W3CHttpResponseCodec.decode(W3CHttpResponseCodec.java:53)
	at org.openqa.selenium.remote.HttpCommandExecutor.execute(HttpCommandExecutor.java:193)
	at org.openqa.selenium.remote.service.DriverCommandExecutor.invokeExecute(DriverCommandExecutor.java:183)
	at org.openqa.selenium.remote.service.DriverCommandExecutor.execute(DriverCommandExecutor.java:158)
	at org.openqa.selenium.remote.RemoteWebDriver.execute(RemoteWebDriver.java:543)
	at org.openqa.selenium.remote.ElementLocation$ElementFinder$2.findElement(ElementLocation.java:162)
	at org.openqa.selenium.remote.ElementLocation.findElement(ElementLocation.java:60)
	at org.openqa.selenium.remote.RemoteWebDriver.findElement(RemoteWebDriver.java:352)
	at org.openqa.selenium.remote.RemoteWebDriver.findElement(RemoteWebDriver.java:344)
	at org.openqa.selenium.support.pagefactory.DefaultElementLocator.findElement(DefaultElementLocator.java:70)
	at org.openqa.selenium.support.pagefactory.internal.LocatingElementHandler.invoke(LocatingElementHandler.java:39)
	at com.sun.proxy.$Proxy23.getText(Unknown Source)
	at com.orangehrmlive.demo.utility.Utility.getTextFromElement(Utility.java:62)
	at com.orangehrmlive.demo.pages.ViewSystemUsersPage.verifyUserShouldBeInRecordList(ViewSystemUsersPage.java:53)
	at com.orangehrmlive.demo.steps.UserTestSteps.iShouldVerifyThatUserShouldBeInResultList(UserTestSteps.java:119)
	at ✽.Then I Should Verify that User should be in Result list(UserTest.feature:42)
</pre></div>
			
		</li>
		<li test-id='51' class='node and skip' status='skip'>
			
			<b>And</b>
			
			<span class="bdd-step-name">And I Click on Check box</span>
				<div class='pre'>skipped</div>
			
		</li>
		<li test-id='52' class='node and skip' status='skip'>
			
			<b>And</b>
			
			<span class="bdd-step-name">And I Click on Delete Button</span>
				<div class='pre'>skipped</div>
			
		</li>
		<li test-id='53' class='node and skip' status='skip'>
			
			<b>And</b>
			
			<span class="bdd-step-name">And I Click on Ok Button on Popup</span>
				<div class='pre'>skipped</div>
			
		</li>
		<li test-id='54' class='node then skip' status='skip'>
			
			<b>Then</b>
			
			<span class="bdd-step-name">Then I should verify message Successfully Deleted</span>
			<ul class='screenshots right'>
				<li><a data-featherlight="image" href="C:\monika\homework\orange-hrm-cucumber/src/main/java/com/orangehrmlive/demo/screenshots/Admin_should_delete_user_successfully20230523102319.png"><i class='material-icons'>panorama</i></a></li>
			</ul>
				<div class='pre'>skipped</div>
			
		</li>
	</ul>
</div>
<div class='scenario node' test-id='55' status='pass'>
	<div class='category-list'>
		<span class='category label white-text'>@regression</span>
	</div>
	<span class='duration right label'>0h 0m 26s+967ms</span>
	<div class='desc'>
		<b>Scenario</b>
		<span class="desc-text">Search the delete user and verify the message No Record Found</span>
	</div>
	<ul class='steps'>
		<li test-id='56' class='node given pass' status='pass'>
			
			<b>Given</b>
			
			<span class="bdd-step-name">Given I am on Homepage</span>
				<div class='pre'>passed</div>
			
		</li>
		<li test-id='57' class='node when pass' status='pass'>
			
			<b>When</b>
			
			<span class="bdd-step-name">When I Login to Application</span>
				<div class='pre'>passed</div>
			
		</li>
		<li test-id='58' class='node and pass' status='pass'>
			
			<b>And</b>
			
			<span class="bdd-step-name">And I click on Admin Tab</span>
				<div class='pre'>passed</div>
			
		</li>
		<li test-id='59' class='node then pass' status='pass'>
			
			<b>Then</b>
			
			<span class="bdd-step-name">Then I Should Verify System Users Text</span>
				<div class='pre'>passed</div>
			
		</li>
		<li test-id='60' class='node and pass' status='pass'>
			
			<b>And</b>
			
			<span class="bdd-step-name">And I enter Username</span>
				<div class='pre'>passed</div>
			
		</li>
		<li test-id='61' class='node and pass' status='pass'>
			
			<b>And</b>
			
			<span class="bdd-step-name">And I Select User Role</span>
				<div class='pre'>passed</div>
			
		</li>
		<li test-id='62' class='node and pass' status='pass'>
			
			<b>And</b>
			
			<span class="bdd-step-name">And I Select a Status Disable</span>
				<div class='pre'>passed</div>
			
		</li>
		<li test-id='63' class='node and pass' status='pass'>
			
			<b>And</b>
			
			<span class="bdd-step-name">And I Click on Search Button</span>
				<div class='pre'>passed</div>
			
		</li>
		<li test-id='64' class='node then pass' status='pass'>
			
			<b>Then</b>
			
			<span class="bdd-step-name">Then I verify message No Records Found</span>
				<div class='pre'>passed</div>
			
		</li>
	</ul>
</div>
					</div>
				</li>
			</ul>
		</div>
	</div>
	<!-- subview left -->

	<div class='subview-right left'>
		<div class='view-summary'>
			<h5 class='test-name'></h5>

			<div id='step-filters' class="right">
				<span class="blue-text" status="info" alt="info" title="info"><i class="material-icons">info_outline</i></span>
				<span class="green-text" status="pass" alt="pass" title="pass"><i class="material-icons">check_circle</i></span>
				<span class="red-text" status="fail" alt="fail" title="fail"><i class="material-icons">cancel</i></span>
				<span class="red-text text-darken-4" status="fatal" alt="fatal" title="fatal"><i class="material-icons">cancel</i></span>
				<span class="pink-text text-lighten-1" status="error" alt="error" title="error"><i class="material-icons">error</i></span>
				<span class="orange-text" alt="warning" status="warning" title="warning"><i class="material-icons">warning</i></span>
				<span class="teal-text" status="skip" alt="skip" title="skip"><i class="material-icons">redo</i></span>
				<span status="clear" alt="Clear filters" title="Clear filters"><i class="material-icons">clear</i></span>
			</div>
		</div>
	</div>
	<!-- subview right -->

</div>
<!-- test view -->
<div id='category-view' class='view hide'>

	<section id='controls'>
		<div class='controls grey lighten-4'>
			<!-- search -->
			<div class='chip transparent' alt='Search Tests' title='Search Tests'>
				<a href="#" class='search-div'>
					<i class='material-icons'>search</i> Search
				</a>
				
				<div class='input-field left hide'>
					<input id='search-tests' type='text' class='validate browser-default' placeholder='Search Tests...'>
				</div>
				
			</div>
			<!-- search -->
		</div>
	</section>

	<div class='subview-left left'>
		
		<div class='view-summary'>
			<h5>Categories</h3>
			<ul id='category-collection' class='category-collection'>
				
				<li class='category displayed active'>
					<div class='category-heading'>
						<span class='category-name'>@sanity</span>
						<span class='category-status right'>
							<span class='label pass'>1</span>
							<span class='label fail'>1</span>
						</span>
					</div>
					<div class='category-content hide'>
						<div class='category-status-counts'>
							<span class='label green accent-4 white-text'>Passed: 1</span>
							<span class='label red lighten-1 white-text'>Failed: 1</span>
							
						</div>
					
						<div class='category-tests'>
							<table class='bordered table-results'>
								<thead>
									<tr>
										<th>Timestamp</th>
										<th>TestName</th>
										<th>Status</th>
									</tr>
								</thead>
								<tbody>
									<tr>
										<td>May 23, 2023 10:19:53 PM</td>
										<td class='linked' test-id='2'>Login Page Test.User should should login successfully</td>
										<td><span class='test-status pass'>pass</span></td>
									</tr>
									<tr>
										<td>May 23, 2023 10:20:12 PM</td>
										<td class='linked' test-id='16'>User Test.Admin should add user successfully</td>
										<td><span class='test-status fail'>fail</span></td>
									</tr>
								</tbody>
							</table>
						</div>
					</div>
				</li>
				<li class='category displayed active'>
					<div class='category-heading'>
						<span class='category-name'>@regression</span>
						<span class='category-status right'>
							<span class='label pass'>4</span>
							<span class='label fail'>3</span>
						</span>
					</div>
					<div class='category-content hide'>
						<div class='category-status-counts'>
							<span class='label green accent-4 white-text'>Passed: 4</span>
							<span class='label red lighten-1 white-text'>Failed: 3</span>
							
						</div>
					
						<div class='category-tests'>
							<table class='bordered table-results'>
								<thead>
									<tr>
										<th>Timestamp</th>
										<th>TestName</th>
										<th>Status</th>
									</tr>
								</thead>
								<tbody>
									<tr>
										<td>May 23, 2023 10:19:53 PM</td>
										<td class='linked' test-id='2'>Login Page Test.User should should login successfully</td>
										<td><span class='test-status pass'>pass</span></td>
									</tr>
									<tr>
										<td>May 23, 2023 10:19:59 PM</td>
										<td class='linked' test-id='7'>Login Page Test.User should see Orange HRM Logo</td>
										<td><span class='test-status pass'>pass</span></td>
									</tr>
									<tr>
										<td>May 23, 2023 10:20:02 PM</td>
										<td class='linked' test-id='10'>Login Page Test.User should should log out successfully</td>
										<td><span class='test-status pass'>pass</span></td>
									</tr>
									<tr>
										<td>May 23, 2023 10:20:12 PM</td>
										<td class='linked' test-id='16'>User Test.Admin should add user successfully</td>
										<td><span class='test-status fail'>fail</span></td>
									</tr>
									<tr>
										<td>May 23, 2023 10:21:05 PM</td>
										<td class='linked' test-id='31'>User Test.Search the user that created and Verify that user</td>
										<td><span class='test-status fail'>fail</span></td>
									</tr>
									<tr>
										<td>May 23, 2023 10:22:13 PM</td>
										<td class='linked' test-id='41'>User Test.Admin should delete user successfully</td>
										<td><span class='test-status fail'>fail</span></td>
									</tr>
									<tr>
										<td>May 23, 2023 10:23:21 PM</td>
										<td class='linked' test-id='55'>User Test.Search the delete user and verify the message No Record Found</td>
										<td><span class='test-status pass'>pass</span></td>
									</tr>
								</tbody>
							</table>
						</div>
					</div>
				</li>
				<li class='category displayed active'>
					<div class='category-heading'>
						<span class='category-name'>@smoke</span>
						<span class='category-status right'>
							<span class='label pass'>1</span>
							<span class='label fail'>1</span>
						</span>
					</div>
					<div class='category-content hide'>
						<div class='category-status-counts'>
							<span class='label green accent-4 white-text'>Passed: 1</span>
							<span class='label red lighten-1 white-text'>Failed: 1</span>
							
						</div>
					
						<div class='category-tests'>
							<table class='bordered table-results'>
								<thead>
									<tr>
										<th>Timestamp</th>
										<th>TestName</th>
										<th>Status</th>
									</tr>
								</thead>
								<tbody>
									<tr>
										<td>May 23, 2023 10:19:59 PM</td>
										<td class='linked' test-id='7'>Login Page Test.User should see Orange HRM Logo</td>
										<td><span class='test-status pass'>pass</span></td>
									</tr>
									<tr>
										<td>May 23, 2023 10:21:05 PM</td>
										<td class='linked' test-id='31'>User Test.Search the user that created and Verify that user</td>
										<td><span class='test-status fail'>fail</span></td>
									</tr>
								</tbody>
							</table>
						</div>
					</div>
				</li>

			</ul>
		</div>
	</div>

	<div class='subview-right left'>
		<div class='view-summary'>
			<h5 class='category-name'></h5>
		</div>
	</div>
</div>
<!-- category view -->
<div id='exception-view' class='view hide'>

    <section id='controls'>
        <div class='controls grey lighten-4'>
            <!-- search -->
            <div class='chip transparent' alt='Search Tests' title='Search Tests'>
                <a href="#" class='search-div'>
                    <i class='material-icons'>search</i> Search
                </a>

                <div class='input-field left hide'>
                    <input id='search-tests' type='text' class='validate browser-default' placeholder='Search Tests...'>
                </div>

            </div>
            <!-- search -->
        </div>
    </section>

    <div class='subview-left left'>

        <div class='view-summary'>
            <h5>Exceptions</h3>
                <ul id='exception-collection' class='exception-collection'>

                        <li class='exception displayed active'>
                            <div class='exception-heading'>
                                <span class='exception-name'>org.openqa.selenium.NoSuchElementException</span>
                                <span class='exception-count right'><span class='label red lighten-1 white-text'>3</span></span>
                            </div>
                            <div class='exception-content hide'>
                                <div class='exception-tests'>
                                    <table class='bordered table-results'>
                                        <thead>
                                        <tr>
                                            <th>Timestamp</th>
                                            <th>TestName</th>
                                            <th>Status</th>
                                        </tr>
                                        </thead>
                                        <tbody>
                                                    <tr>
                                                        <td>May 23, 2023 10:20:42 PM</td>
                                                        <td class='linked' test-id='24'>User Test.Admin should add user successfully.And I enter Employee Name Ananya Dash</td>
                                                        <td><pre><pre>org.openqa.selenium.NoSuchElementException: no such element: Unable to locate element: {"method":"xpath","selector":"//*[@class='oxd-autocomplete-wrapper']//*[contains(text(),'Jaya  Raja')]"}
  (Session info: chrome=113.0.5672.127)
For documentation on this error, please visit: https://selenium.dev/exceptions/#no_such_element
Build info: version: '4.9.0', revision: 'd7057100a6'
System info: os.name: 'Windows 10', os.arch: 'amd64', os.version: '10.0', java.version: '1.8.0_121'
Driver info: org.openqa.selenium.chrome.ChromeDriver
Command: [fca3269894fd1aae4bb1262032eb0f32, findElement {using=xpath, value=//*[@class='oxd-autocomplete-wrapper']//*[contains(text(),'Jaya  Raja')]}]
Capabilities {acceptInsecureCerts: false, browserName: chrome, browserVersion: 113.0.5672.127, chrome: {chromedriverVersion: 113.0.5672.63 (0e1a4471d5ae..., userDataDir: C:\Users\Monika\AppData\Loc...}, goog:chromeOptions: {debuggerAddress: localhost:54268}, networkConnectionEnabled: false, pageLoadStrategy: normal, platformName: WINDOWS, proxy: Proxy(), se:cdp: ws://localhost:54268/devtoo..., se:cdpVersion: 113.0.5672.127, setWindowRect: true, strictFileInteractability: false, timeouts: {implicit: 0, pageLoad: 300000, script: 30000}, unhandledPromptBehavior: dismiss and notify, webauthn:extension:credBlob: true, webauthn:extension:largeBlob: true, webauthn:extension:minPinLength: true, webauthn:extension:prf: true, webauthn:virtualAuthenticators: true}
Session ID: fca3269894fd1aae4bb1262032eb0f32
	at sun.reflect.NativeConstructorAccessorImpl.newInstance0(Native Method)
	at sun.reflect.NativeConstructorAccessorImpl.newInstance(NativeConstructorAccessorImpl.java:62)
	at sun.reflect.DelegatingConstructorAccessorImpl.newInstance(DelegatingConstructorAccessorImpl.java:45)
	at java.lang.reflect.Constructor.newInstance(Constructor.java:423)
	at org.openqa.selenium.remote.codec.w3c.W3CHttpResponseCodec.createException(W3CHttpResponseCodec.java:200)
	at org.openqa.selenium.remote.codec.w3c.W3CHttpResponseCodec.decode(W3CHttpResponseCodec.java:133)
	at org.openqa.selenium.remote.codec.w3c.W3CHttpResponseCodec.decode(W3CHttpResponseCodec.java:53)
	at org.openqa.selenium.remote.HttpCommandExecutor.execute(HttpCommandExecutor.java:193)
	at org.openqa.selenium.remote.service.DriverCommandExecutor.invokeExecute(DriverCommandExecutor.java:183)
	at org.openqa.selenium.remote.service.DriverCommandExecutor.execute(DriverCommandExecutor.java:158)
	at org.openqa.selenium.remote.RemoteWebDriver.execute(RemoteWebDriver.java:543)
	at org.openqa.selenium.remote.ElementLocation$ElementFinder$2.findElement(ElementLocation.java:162)
	at org.openqa.selenium.remote.ElementLocation.findElement(ElementLocation.java:60)
	at org.openqa.selenium.remote.RemoteWebDriver.findElement(RemoteWebDriver.java:352)
	at org.openqa.selenium.remote.RemoteWebDriver.findElement(RemoteWebDriver.java:344)
	at org.openqa.selenium.support.pagefactory.DefaultElementLocator.findElement(DefaultElementLocator.java:70)
	at org.openqa.selenium.support.pagefactory.internal.LocatingElementHandler.invoke(LocatingElementHandler.java:39)
	at com.sun.proxy.$Proxy23.click(Unknown Source)
	at com.orangehrmlive.demo.utility.Utility.clickOnElement(Utility.java:51)
	at com.orangehrmlive.demo.pages.AddUserPage.enterEmployeeName(AddUserPage.java:92)
	at com.orangehrmlive.demo.steps.UserTestSteps.iEnterEmployeeNameAnanyaDash(UserTestSteps.java:54)
	at ✽.And I enter Employee Name Ananya Dash(UserTest.feature:12)
</pre></pre></td>
                                                    </tr>
                                                    <tr>
                                                        <td>May 23, 2023 10:21:31 PM</td>
                                                        <td class='linked' test-id='40'>User Test.Search the user that created and Verify that user.Then I Should Verify the User should be in Result list</td>
                                                        <td><pre><pre>org.openqa.selenium.NoSuchElementException: no such element: Unable to locate element: {"method":"xpath","selector":"//div[contains(text(),'Yuvraji')]"}
  (Session info: chrome=113.0.5672.127)
For documentation on this error, please visit: https://selenium.dev/exceptions/#no_such_element
Build info: version: '4.9.0', revision: 'd7057100a6'
System info: os.name: 'Windows 10', os.arch: 'amd64', os.version: '10.0', java.version: '1.8.0_121'
Driver info: org.openqa.selenium.chrome.ChromeDriver
Command: [9511f299701e1333cc6f03bf77b40136, findElement {using=xpath, value=//div[contains(text(),'Yuvraji')]}]
Capabilities {acceptInsecureCerts: false, browserName: chrome, browserVersion: 113.0.5672.127, chrome: {chromedriverVersion: 113.0.5672.63 (0e1a4471d5ae..., userDataDir: C:\Users\Monika\AppData\Loc...}, goog:chromeOptions: {debuggerAddress: localhost:54298}, networkConnectionEnabled: false, pageLoadStrategy: normal, platformName: WINDOWS, proxy: Proxy(), se:cdp: ws://localhost:54298/devtoo..., se:cdpVersion: 113.0.5672.127, setWindowRect: true, strictFileInteractability: false, timeouts: {implicit: 0, pageLoad: 300000, script: 30000}, unhandledPromptBehavior: dismiss and notify, webauthn:extension:credBlob: true, webauthn:extension:largeBlob: true, webauthn:extension:minPinLength: true, webauthn:extension:prf: true, webauthn:virtualAuthenticators: true}
Session ID: 9511f299701e1333cc6f03bf77b40136
	at sun.reflect.NativeConstructorAccessorImpl.newInstance0(Native Method)
	at sun.reflect.NativeConstructorAccessorImpl.newInstance(NativeConstructorAccessorImpl.java:62)
	at sun.reflect.DelegatingConstructorAccessorImpl.newInstance(DelegatingConstructorAccessorImpl.java:45)
	at java.lang.reflect.Constructor.newInstance(Constructor.java:423)
	at org.openqa.selenium.remote.codec.w3c.W3CHttpResponseCodec.createException(W3CHttpResponseCodec.java:200)
	at org.openqa.selenium.remote.codec.w3c.W3CHttpResponseCodec.decode(W3CHttpResponseCodec.java:133)
	at org.openqa.selenium.remote.codec.w3c.W3CHttpResponseCodec.decode(W3CHttpResponseCodec.java:53)
	at org.openqa.selenium.remote.HttpCommandExecutor.execute(HttpCommandExecutor.java:193)
	at org.openqa.selenium.remote.service.DriverCommandExecutor.invokeExecute(DriverCommandExecutor.java:183)
	at org.openqa.selenium.remote.service.DriverCommandExecutor.execute(DriverCommandExecutor.java:158)
	at org.openqa.selenium.remote.RemoteWebDriver.execute(RemoteWebDriver.java:543)
	at org.openqa.selenium.remote.ElementLocation$ElementFinder$2.findElement(ElementLocation.java:162)
	at org.openqa.selenium.remote.ElementLocation.findElement(ElementLocation.java:60)
	at org.openqa.selenium.remote.RemoteWebDriver.findElement(RemoteWebDriver.java:352)
	at org.openqa.selenium.remote.RemoteWebDriver.findElement(RemoteWebDriver.java:344)
	at org.openqa.selenium.support.pagefactory.DefaultElementLocator.findElement(DefaultElementLocator.java:70)
	at org.openqa.selenium.support.pagefactory.internal.LocatingElementHandler.invoke(LocatingElementHandler.java:39)
	at com.sun.proxy.$Proxy23.getText(Unknown Source)
	at com.orangehrmlive.demo.utility.Utility.getTextFromElement(Utility.java:62)
	at com.orangehrmlive.demo.pages.ViewSystemUsersPage.verifyUserShouldBeInRecordList(ViewSystemUsersPage.java:53)
	at com.orangehrmlive.demo.steps.UserTestSteps.iShouldVerifyTheUserShouldBeInResultList(UserTestSteps.java:104)
	at ✽.Then I Should Verify the User should be in Result list(UserTest.feature:30)
</pre></pre></td>
                                                    </tr>
                                                    <tr>
                                                        <td>May 23, 2023 10:22:39 PM</td>
                                                        <td class='linked' test-id='50'>User Test.Admin should delete user successfully.Then I Should Verify that User should be in Result list</td>
                                                        <td><pre><pre>org.openqa.selenium.NoSuchElementException: no such element: Unable to locate element: {"method":"xpath","selector":"//div[contains(text(),'Yuvraji')]"}
  (Session info: chrome=113.0.5672.127)
For documentation on this error, please visit: https://selenium.dev/exceptions/#no_such_element
Build info: version: '4.9.0', revision: 'd7057100a6'
System info: os.name: 'Windows 10', os.arch: 'amd64', os.version: '10.0', java.version: '1.8.0_121'
Driver info: org.openqa.selenium.chrome.ChromeDriver
Command: [8a2f3650d0a76b8df552d92e0f81aa0d, findElement {using=xpath, value=//div[contains(text(),'Yuvraji')]}]
Capabilities {acceptInsecureCerts: false, browserName: chrome, browserVersion: 113.0.5672.127, chrome: {chromedriverVersion: 113.0.5672.63 (0e1a4471d5ae..., userDataDir: C:\Users\Monika\AppData\Loc...}, goog:chromeOptions: {debuggerAddress: localhost:54347}, networkConnectionEnabled: false, pageLoadStrategy: normal, platformName: WINDOWS, proxy: Proxy(), se:cdp: ws://localhost:54347/devtoo..., se:cdpVersion: 113.0.5672.127, setWindowRect: true, strictFileInteractability: false, timeouts: {implicit: 0, pageLoad: 300000, script: 30000}, unhandledPromptBehavior: dismiss and notify, webauthn:extension:credBlob: true, webauthn:extension:largeBlob: true, webauthn:extension:minPinLength: true, webauthn:extension:prf: true, webauthn:virtualAuthenticators: true}
Session ID: 8a2f3650d0a76b8df552d92e0f81aa0d
	at sun.reflect.NativeConstructorAccessorImpl.newInstance0(Native Method)
	at sun.reflect.NativeConstructorAccessorImpl.newInstance(NativeConstructorAccessorImpl.java:62)
	at sun.reflect.DelegatingConstructorAccessorImpl.newInstance(DelegatingConstructorAccessorImpl.java:45)
	at java.lang.reflect.Constructor.newInstance(Constructor.java:423)
	at org.openqa.selenium.remote.codec.w3c.W3CHttpResponseCodec.createException(W3CHttpResponseCodec.java:200)
	at org.openqa.selenium.remote.codec.w3c.W3CHttpResponseCodec.decode(W3CHttpResponseCodec.java:133)
	at org.openqa.selenium.remote.codec.w3c.W3CHttpResponseCodec.decode(W3CHttpResponseCodec.java:53)
	at org.openqa.selenium.remote.HttpCommandExecutor.execute(HttpCommandExecutor.java:193)
	at org.openqa.selenium.remote.service.DriverCommandExecutor.invokeExecute(DriverCommandExecutor.java:183)
	at org.openqa.selenium.remote.service.DriverCommandExecutor.execute(DriverCommandExecutor.java:158)
	at org.openqa.selenium.remote.RemoteWebDriver.execute(RemoteWebDriver.java:543)
	at org.openqa.selenium.remote.ElementLocation$ElementFinder$2.findElement(ElementLocation.java:162)
	at org.openqa.selenium.remote.ElementLocation.findElement(ElementLocation.java:60)
	at org.openqa.selenium.remote.RemoteWebDriver.findElement(RemoteWebDriver.java:352)
	at org.openqa.selenium.remote.RemoteWebDriver.findElement(RemoteWebDriver.java:344)
	at org.openqa.selenium.support.pagefactory.DefaultElementLocator.findElement(DefaultElementLocator.java:70)
	at org.openqa.selenium.support.pagefactory.internal.LocatingElementHandler.invoke(LocatingElementHandler.java:39)
	at com.sun.proxy.$Proxy23.getText(Unknown Source)
	at com.orangehrmlive.demo.utility.Utility.getTextFromElement(Utility.java:62)
	at com.orangehrmlive.demo.pages.ViewSystemUsersPage.verifyUserShouldBeInRecordList(ViewSystemUsersPage.java:53)
	at com.orangehrmlive.demo.steps.UserTestSteps.iShouldVerifyThatUserShouldBeInResultList(UserTestSteps.java:119)
	at ✽.Then I Should Verify that User should be in Result list(UserTest.feature:42)
</pre></pre></td>
                                                    </tr>
                                        </tbody>
                                    </table>
                                </div>
                            </div>
                        </li>
                </ul>
        </div>
    </div>

    <div class='subview-right left'>
        <div class='view-summary'>
            <h5 class='exception-name'></h5>
        </div>
    </div>
</div>
<!-- exception view -->
<div id='dashboard-view' class='view hide'>
	<div class='card-panel transparent np-v'>
		<h5>Dashboard</h5>

		<div class='row'>
			<div class='col s2'>
				<div class='card-panel r'>
					Features
					<div class='panel-lead'>2</div>
				</div>
			</div>
			<div class='col s2'>
				<div class='card-panel r'>
					Scenarios
					<div class='panel-lead'>7</div>
				</div>
			</div>
			<div class='col s2'>
				<div class='card-panel r'>
					Steps
					<div class='panel-lead'>55</div>
				</div>
			</div>
			<div class='col s2'>
				<div class='card-panel r'>
					Start
					<div class='panel-lead'>May 23, 2023 10:19:53 PM</div>
				</div>
			</div>
			<div class='col s2'>
				<div class='card-panel r'>
			 		End
			 		<div class='panel-lead'>May 23, 2023 10:23:48 PM</div>
				</div>
			</div>
			<div class='col s2'>
				<div class='card-panel r'>
					Time Taken
					<div class='panel-lead'>235,301ms</div>
				</div>
			</div>
			<div class='col s6'>
				<div class='card-panel dashboard-categories'>
					<span class='right label cyan white-text'>Categories</span><p>&nbsp;</p>
					
					<table>
						<tr>
							<th>Name</th>
							<th>Passed</th>
							<th>Failed</th>
							<th>Others</th>
							<th>Passed %</th>
						</tr>
						<tr>
							<td>@sanity</td>
							<td>1</td>
							<td>1</td>
							<td>0</td>
							<td>
									50%
							</td>
						</tr>
						<tr>
							<td>@regression</td>
							<td>4</td>
							<td>3</td>
							<td>0</td>
							<td>
									57.143%
							</td>
						</tr>
						<tr>
							<td>@smoke</td>
							<td>1</td>
							<td>1</td>
							<td>0</td>
							<td>
									50%
							</td>
						</tr>
					</table>
				</div>
			</div>
		</div>
	</div>
</div>
<!-- dashboard view -->
<!-- testrunner-logs view -->
		</div>
		<!-- container -->

		<script>
			var statusGroup = {
				passParent: 1,
				failParent: 1,
				fatalParent: 0,
				errorParent: 0,
				warningParent: 0,
				skipParent: 0,
				exceptionsParent: 1,
				
				passChild: 4,
				failChild: 3,
				fatalChild: 0,
				errorChild: 0,
				warningChild: 0,
				skipChild: 0,
				infoChild: 0,
				exceptionsChild: 3,
				
				passGrandChild: 42,
				failGrandChild: 3,
				fatalGrandChild: 0,
				errorGrandChild: 0,
				warningGrandChild: 0,
				skipGrandChild: 10,
				infoGrandChild: 0,
				exceptionsGrandChild: 13,
			};
		</script>
		
			<script src='https://cdn.rawgit.com/anshooarora/extentreports-java/fca20fb7653aade98810546ab96a2a4360e3e712/dist/js/extent.js' type='text/javascript'></script>
		
		
 		<script type='text/javascript'>
 		</script>
	</body>
	
</html>
